============================= test session starts ==============================
platform darwin -- Python 3.13.7, pytest-8.4.2, pluggy-1.6.0 -- /Users/userd/miniconda3/envs/cis566/bin/python3.13
cachedir: .pytest_cache
rootdir: /Users/userd/Desktop/cis566/cis566-Software_Architecture_and_Design_Patterns/backend
plugins: mock-3.15.1, anyio-4.11.0, ordering-0.6
collecting ... collected 20 items

test_integration.py::test_01_start_fresh 
--- CLEANING DATABASE ---
--- DATABASE CLEAN ---
PASSED
test_integration.py::test_02_create_user Successfully created user: int-test
Created user ID: 3
PASSED
test_integration.py::test_03_create_user_duplicate Error: Email already exists.
PASSED
test_integration.py::test_04_create_room Successfully created room: INT-101
Created room ID: 2
PASSED
test_integration.py::test_05_create_booking_for_today Booking created successfully: ID 2
Created booking ID: 2
PASSED
test_integration.py::test_06_create_booking_conflict Error: Room is already booked for these dates.
PASSED
test_integration.py::test_07_process_check_in_payment Finding pending check-in for integration_test@example.com...
Successfully found 1 matching reservation(s).
Found booking 2. Ready to charge $250.0.
Processing payment for booking 2...
Successfully confirmed booking 2
PASSED
test_integration.py::test_08_check_booking_is_confirmed Booking is now CONFIRMED.
PASSED
test_integration.py::test_09_delete_room_fails_due_to_restrict Error: Cannot delete room 2 because it has existing bookings.
This is the 'ON DELETE RESTRICT' safeguard working correctly.
ON DELETE RESTRICT successfully prevented room deletion.
PASSED
test_integration.py::test_10_delete_user Successfully deleted user 3.
Related historical records have been anonymized (user_id set to NULL).
PASSED
test_integration.py::test_11_check_booking_is_anonymized Booking has been successfully anonymized (user_id is NULL).
PASSED
test_integration.py::test_12_final_cleanup 
--- CLEANING DATABASE ---
--- DATABASE CLEAN ---
PASSED
test_logic.py::test_create_newuser_success Successfully created user: testuser
PASSED
test_logic.py::test_create_newuser_invalid_email Invalid Email format.
PASSED
test_logic.py::test_create_newuser_duplicate_email Error: Email already exists.
PASSED
test_logic.py::test_process_check_in_payment_success Finding pending check-in for test@example.com...
Found booking 15. Ready to charge $350.5.
Processing payment for booking 15...
PASSED
test_logic.py::test_process_check_in_payment_not_found Finding pending check-in for test@example.com...
PASSED
test_logic.py::test_request_password_reset_success PASSED
test_logic.py::test_verify_and_reset_password_success Successfully reset password for user 42
PASSED
test_logic.py::test_verify_and_reset_password_expired Expired token used.
PASSED

=============================== warnings summary ===============================
test_integration.py::test_01_start_fresh
test_integration.py::test_02_create_user
  /Users/userd/miniconda3/envs/cis566/lib/python3.13/site-packages/supabase/_sync/client.py:303: DeprecationWarning: The 'timeout' parameter is deprecated. Please configure it in the http client instead.
    return SyncPostgrestClient(

test_integration.py::test_01_start_fresh
test_integration.py::test_02_create_user
  /Users/userd/miniconda3/envs/cis566/lib/python3.13/site-packages/supabase/_sync/client.py:303: DeprecationWarning: The 'verify' parameter is deprecated. Please configure it in the http client instead.
    return SyncPostgrestClient(

-- Docs: https://docs.pytest.org/en/stable/how-to/capture-warnings.html
======================== 20 passed, 4 warnings in 3.22s ========================
